191016 10:33:49 [Note] Plugin 'FEDERATED' is disabled.
InnoDB: The first specified data file .\ibdata1 did not exist:
InnoDB: a new database to be created!
191016 10:33:50  InnoDB: Setting file .\ibdata1 size to 10 MB
InnoDB: Database physically writes the file full: wait...
191016 10:33:50  InnoDB: Log file .\ib_logfile0 did not exist: new to be created
InnoDB: Setting log file .\ib_logfile0 size to 5 MB
InnoDB: Database physically writes the file full: wait...
191016 10:33:50  InnoDB: Log file .\ib_logfile1 did not exist: new to be created
InnoDB: Setting log file .\ib_logfile1 size to 5 MB
InnoDB: Database physically writes the file full: wait...
InnoDB: Doublewrite buffer not found: creating new
InnoDB: Doublewrite buffer created
InnoDB: Creating foreign key constraint system tables
InnoDB: Foreign key constraint system tables created
191016 10:33:50  InnoDB: Started; log sequence number 0 0
191016 10:33:50 [Note] Event Scheduler: Loaded 0 events
191016 10:33:50 [Note] APM_MYSQL5: ready for connections.
Version: '5.1.41-community'  socket: ''  port: 3306  MySQL Community Server (GPL)
191019 10:26:58 [Note] APM_MYSQL5: Normal shutdown

191019 10:26:58 [Note] Event Scheduler: Purging the queue. 0 events
191019 10:26:58  InnoDB: Starting shutdown...
191019 10:26:59  InnoDB: Shutdown completed; log sequence number 0 44233
191019 10:26:59 [Note] APM_MYSQL5: Shutdown complete

191019 10:27:31 [Note] Plugin 'FEDERATED' is disabled.
191019 10:27:31  InnoDB: Started; log sequence number 0 44233
191019 10:27:32 [Note] Event Scheduler: Loaded 0 events
191019 10:27:32 [Note] APM_MYSQL5: ready for connections.
Version: '5.1.41-community'  socket: ''  port: 3306  MySQL Community Server (GPL)
191019 11:53:08 [Note] APM_MYSQL5: Normal shutdown

191019 11:53:08 [Note] Event Scheduler: Purging the queue. 0 events
191019 11:53:08  InnoDB: Starting shutdown...
191019 11:53:09  InnoDB: Shutdown completed; log sequence number 0 44233
191019 11:53:09 [Note] APM_MYSQL5: Shutdown complete

191019 11:53:36 [Note] Plugin 'FEDERATED' is disabled.
191019 11:53:37  InnoDB: Started; log sequence number 0 44233
191019 11:53:37 [Note] Event Scheduler: Loaded 0 events
191019 11:53:37 [Note] APM_MYSQL5: ready for connections.
Version: '5.1.41-community'  socket: ''  port: 3306  MySQL Community Server (GPL)
